Running: fuse.exe -relaunch -intstyle "ise" -incremental -lib "secureip" -o "C:/Work/Xilinx/GPRArchitecture/GPR_test_isim_beh.exe" -prj "C:/Work/Xilinx/GPRArchitecture/GPR_test_beh.prj" "work.GPR_test" 
ISim P.20131013 (signature 0x7708f090)
Number of CPUs detected in this system: 8
Turning on mult-threading, number of parallel sub-compilation jobs: 16 
Determining compilation order of HDL files
Parsing VHDL file "C:/Work/Xilinx/GPRArchitecture/commands.vhd" into library work
Parsing VHDL file "C:/Work/Xilinx/GPRArchitecture/ROM.vhd" into library work
Parsing VHDL file "C:/Work/Xilinx/GPRArchitecture/RAM.vhd" into library work
Parsing VHDL file "C:/Work/Xilinx/GPRArchitecture/HWANonZeroAmount.vhd" into library work
Parsing VHDL file "C:/Work/Xilinx/GPRArchitecture/GPR_test.vhd" into library work
Starting static elaboration
Completed static elaboration
Compiling package standard
Compiling package std_logic_1164
Compiling package numeric_std
Compiling package std_logic_arith
Compiling package std_logic_unsigned
Compiling package commands
Compiling architecture behavioral of entity RAM [\RAM(8,6,(('0','0','0','0','0','...]
Compiling architecture behavioral of entity ROM [\ROM(20,6,(('0','0','0','1','0',...]
Compiling architecture behavioral of entity GPRHWA [\GPRHWA(8,6,(('0','0','0','0','0...]
Compiling architecture behavior of entity gpr_test
Time Resolution for simulation is 1ps.
Waiting for 1 sub-compilation(s) to finish...
Compiled 13 VHDL Units
Built simulation executable C:/Work/Xilinx/GPRArchitecture/GPR_test_isim_beh.exe
Fuse Memory Usage: 36964 KB
Fuse CPU Usage: 624 ms
