ISim log file
Running: C:\Work\Xilinx\GPRArchitecture\GPR_test_isim_beh.exe -intstyle ise -gui -tclbatch isim.cmd -wdb C:/Work/Xilinx/GPRArchitecture/GPR_test_isim_beh.wdb 
ISim P.20131013 (signature 0x7708f090)
This is a Full version of ISim.
Time resolution is 1 ps
# onerror resume
# wave add /
# run 1000 ns
Simulator is doing circuit initialization process.
at 0 ps, Instance /gpr_test/uut/ROM_ports/ : Warning: There is an 'U'|'X'|'W'|'Z'|'-' in an arithmetic operand, the result will be 'X'(es).
at 0 ps, Instance /gpr_test/uut/ROM_ports/ : Warning: CONV_INTEGER: There is an 'U'|'X'|'W'|'Z'|'-' in an arithmetic operand, and it has been converted to 0.
Finished circuit initialization process.
at 0 ps, Instance /gpr_test/uut/RAM_ports/ : Warning: NUMERIC_STD.TO_INTEGER: metavalue detected, returning 0
ISim P.20131013 (signature 0x7708f090)
This is a Full version of ISim.
# run 1000 ns
Simulator is doing circuit initialization process.
at 0 ps, Instance /gpr_test/uut/ROM_ports/ : Warning: There is an 'U'|'X'|'W'|'Z'|'-' in an arithmetic operand, the result will be 'X'(es).
at 0 ps, Instance /gpr_test/uut/ROM_ports/ : Warning: CONV_INTEGER: There is an 'U'|'X'|'W'|'Z'|'-' in an arithmetic operand, and it has been converted to 0.
Finished circuit initialization process.
at 0 ps, Instance /gpr_test/uut/RAM_ports/ : Warning: NUMERIC_STD.TO_INTEGER: metavalue detected, returning 0
Stopped at time : 62500 ps : File "C:/Work/Xilinx/GPRArchitecture/HWANonZeroAmount.vhd" Line 188
